  [4;36;1mSQL (0.3ms)[0m   [0;1m SELECT name
 FROM sqlite_master
 WHERE type = 'table' AND NOT name = 'sqlite_sequence'
[0m
  [4;35;1mSQL (0.1ms)[0m   [0mselect sqlite_version(*)[0m
  [4;36;1mSQL (2.4ms)[0m   [0;1mCREATE TABLE "schema_migrations" ("version" varchar(255) NOT NULL) [0m
  [4;35;1mSQL (2.6ms)[0m   [0mCREATE UNIQUE INDEX "unique_schema_migrations" ON "schema_migrations" ("version")[0m
  [4;36;1mSQL (0.3ms)[0m   [0;1m SELECT name
 FROM sqlite_master
 WHERE type = 'table' AND NOT name = 'sqlite_sequence'
[0m
  [4;35;1mSQL (0.1ms)[0m   [0mSELECT version FROM schema_migrations[0m
Migrating to CreateHosts (20090220195046)
  [4;36;1mSQL (2.7ms)[0m   [0;1mCREATE TABLE "hosts" ("id" INTEGER PRIMARY KEY AUTOINCREMENT NOT NULL, "user_id" integer NOT NULL, "created_at" datetime, "updated_at" datetime) [0m
  [4;35;1mSQL (2.6ms)[0m   [0mINSERT INTO schema_migrations (version) VALUES ('20090220195046')[0m
Migrating to CreateRoomProfiles (20090220195106)
  [4;36;1mSQL (0.5ms)[0m   [0;1m SELECT name
 FROM sqlite_master
 WHERE type = 'table' AND NOT name = 'sqlite_sequence'
[0m
  [4;35;1mSQL (0.1ms)[0m   [0mSELECT version FROM schema_migrations[0m
Migrating to CreateHosts (20090220195046)
Migrating to CreateRoomProfiles (20090220195106)
  [4;36;1mSQL (0.1ms)[0m   [0;1mselect sqlite_version(*)[0m
  [4;35;1mSQL (2.8ms)[0m   [0mCREATE TABLE "room_profiles" ("id" INTEGER PRIMARY KEY AUTOINCREMENT NOT NULL, "room_id" integer NOT NULL, "level_id" integer, "type" varchar(50), "bed_type" varchar(50), "max_capacity" integer, "pets" varchar(50), "food" varchar(100), "roommates" integer, "internet" boolean DEFAULT 'f', "on_campus" boolean DEFAULT 'f', "cost" decimal(5,2), "notes" varchar(255), "created_at" datetime, "updated_at" datetime) [0m
  [4;36;1mSQL (2.6ms)[0m   [0;1mINSERT INTO schema_migrations (version) VALUES ('20090220195106')[0m
Migrating to CreateRenters (20090221185935)
  [4;35;1mSQL (2.9ms)[0m   [0mCREATE TABLE "renters" ("id" INTEGER PRIMARY KEY AUTOINCREMENT NOT NULL, "user_id" integer NOT NULL, "created_at" datetime, "updated_at" datetime) [0m
  [4;36;1mSQL (2.3ms)[0m   [0;1mINSERT INTO schema_migrations (version) VALUES ('20090221185935')[0m
Migrating to CreateTransactions (20090221190415)
  [4;35;1mSQL (2.6ms)[0m   [0mCREATE TABLE "transactions" ("id" INTEGER PRIMARY KEY AUTOINCREMENT NOT NULL, "host_id" integer NOT NULL, "renter_id" integer NOT NULL, "created_at" datetime, "active" boolean DEFAULT 0, "updated_at" datetime) [0m
  [4;36;1mSQL (2.5ms)[0m   [0;1mINSERT INTO schema_migrations (version) VALUES ('20090221190415')[0m
Migrating to CreateModifications (20090221190818)
  [4;35;1mSQL (2.6ms)[0m   [0mCREATE TABLE "modifications" ("id" INTEGER PRIMARY KEY AUTOINCREMENT NOT NULL, "transaction_id" integer NOT NULL, "approved" boolean DEFAULT 0, "created_at" datetime, "check_in" date, "check_out" date, "guests" integer, "comments" varchar(255), "updated_at" datetime) [0m
  [4;36;1mSQL (2.2ms)[0m   [0;1mINSERT INTO schema_migrations (version) VALUES ('20090221190818')[0m
Migrating to CreateUsers (20090221191224)
  [4;35;1mSQL (3.5ms)[0m   [0mCREATE TABLE "users" ("id" INTEGER PRIMARY KEY AUTOINCREMENT NOT NULL, "profile_id" integer NOT NULL, "first_name" varchar(50), "last_name" varchar(50), "username" varchar(25), "password" varchar(25), "email" varchar(50), "created_at" datetime, "updated_at" datetime) [0m
  [4;36;1mSQL (2.3ms)[0m   [0;1mINSERT INTO schema_migrations (version) VALUES ('20090221191224')[0m
Migrating to CreateProfiles (20090221191905)
  [4;35;1mSQL (2.6ms)[0m   [0mCREATE TABLE "profiles" ("id" INTEGER PRIMARY KEY AUTOINCREMENT NOT NULL, "user_id" integer NOT NULL, "college_id" integer NOT NULL, "image" varchar(255), "birthdate" date, "grad_year" date, "phone" varchar(20), "living_style" varchar(255), "bedtime" varchar(255), "interests" varchar(255), "smoker" boolean DEFAULT 'f', "created_at" datetime, "updated_at" datetime) [0m
  [4;36;1mSQL (2.4ms)[0m   [0;1mINSERT INTO schema_migrations (version) VALUES ('20090221191905')[0m
Migrating to CreateUserReviews (20090221192307)
  [4;35;1mSQL (2.9ms)[0m   [0mCREATE TABLE "user_reviews" ("id" INTEGER PRIMARY KEY AUTOINCREMENT NOT NULL, "profile_id" integer NOT NULL, "user_id" integer NOT NULL, "rating" integer, "review" varchar(255), "status" boolean DEFAULT 'f', "created_at" datetime, "updated_at" datetime) [0m
  [4;36;1mSQL (2.3ms)[0m   [0;1mINSERT INTO schema_migrations (version) VALUES ('20090221192307')[0m
Migrating to CreateFavorites (20090221192646)
  [4;35;1mSQL (3.5ms)[0m   [0mCREATE TABLE "favorites" ("id" INTEGER PRIMARY KEY AUTOINCREMENT NOT NULL, "renter_id" integer NOT NULL, "room_id" integer NOT NULL, "created_at" datetime, "updated_at" datetime) [0m
  [4;36;1mSQL (2.0ms)[0m   [0;1mINSERT INTO schema_migrations (version) VALUES ('20090221192646')[0m
Migrating to CreateRooms (20090221192747)
  [4;35;1mSQL (2.9ms)[0m   [0mCREATE TABLE "rooms" ("id" INTEGER PRIMARY KEY AUTOINCREMENT NOT NULL, "host_id" integer NOT NULL, "college_id" integer NOT NULL, "street_address_1" varchar(255), "street_address_2" varchar(255), "city" varchar(50), "state" varchar(2), "zip" varchar(12), "active" boolean DEFAULT 0, "created_at" datetime, "updated_at" datetime) [0m
  [4;36;1mSQL (2.3ms)[0m   [0;1mINSERT INTO schema_migrations (version) VALUES ('20090221192747')[0m
Migrating to CreateRoomImages (20090221193805)
  [4;35;1mSQL (3.4ms)[0m   [0mCREATE TABLE "room_images" ("id" INTEGER PRIMARY KEY AUTOINCREMENT NOT NULL, "room_id" integer NOT NULL, "image" varchar(255), "created_at" datetime, "updated_at" datetime) [0m
  [4;36;1mSQL (2.2ms)[0m   [0;1mINSERT INTO schema_migrations (version) VALUES ('20090221193805')[0m
Migrating to CreateAvailableDays (20090221194009)
  [4;35;1mSQL (2.7ms)[0m   [0mCREATE TABLE "available_days" ("id" INTEGER PRIMARY KEY AUTOINCREMENT NOT NULL, "day" varchar(50), "created_at" datetime, "updated_at" datetime) [0m
  [4;36;1mSQL (2.3ms)[0m   [0;1mINSERT INTO schema_migrations (version) VALUES ('20090221194009')[0m
Migrating to CreateRoomProfileDays (20090221194055)
  [4;35;1mSQL (3.5ms)[0m   [0mCREATE TABLE "room_profile_days" ("id" INTEGER PRIMARY KEY AUTOINCREMENT NOT NULL, "day_id" integer NOT NULL, "room_profile_id" integer NOT NULL, "created_at" datetime, "updated_at" datetime) [0m
  [4;36;1mSQL (2.1ms)[0m   [0;1mINSERT INTO schema_migrations (version) VALUES ('20090221194055')[0m
Migrating to CreateLevels (20090221194227)
  [4;35;1mSQL (3.0ms)[0m   [0mCREATE TABLE "levels" ("id" INTEGER PRIMARY KEY AUTOINCREMENT NOT NULL, "rank" integer, "cleanliness" varchar(50), "created_at" datetime, "updated_at" datetime) [0m
  [4;36;1mSQL (2.4ms)[0m   [0;1mINSERT INTO schema_migrations (version) VALUES ('20090221194227')[0m
Migrating to CreateColleges (20090221194338)
  [4;35;1mSQL (2.1ms)[0m   [0mCREATE TABLE "colleges" ("id" INTEGER PRIMARY KEY AUTOINCREMENT NOT NULL, "name" varchar(255), "street_address_1" varchar(255), "street_address_2" varchar(255), "city" varchar(50), "state" varchar(2), "zip" varchar(12), "policy" varchar(255), "created_at" datetime, "updated_at" datetime) [0m
  [4;36;1mSQL (2.3ms)[0m   [0;1mINSERT INTO schema_migrations (version) VALUES ('20090221194338')[0m
Migrating to CreateRoomReviews (20090221194552)
  [4;35;1mSQL (2.9ms)[0m   [0mCREATE TABLE "room_reviews" ("id" INTEGER PRIMARY KEY AUTOINCREMENT NOT NULL, "room_id" integer NOT NULL, "rating" integer, "review" varchar(255), "created_at" datetime, "updated_at" datetime) [0m
  [4;36;1mSQL (2.6ms)[0m   [0;1mINSERT INTO schema_migrations (version) VALUES ('20090221194552')[0m
  [4;35;1mSQL (0.7ms)[0m   [0m SELECT name
 FROM sqlite_master
 WHERE type = 'table' AND NOT name = 'sqlite_sequence'
[0m
  [4;36;1mSQL (0.5ms)[0m   [0;1mSELECT version FROM schema_migrations[0m
  [4;35;1mSQL (0.5ms)[0m   [0m SELECT name
 FROM sqlite_master
 WHERE type = 'table' AND NOT name = 'sqlite_sequence'
[0m
  [4;36;1mSQL (0.0ms)[0m   [0;1mPRAGMA index_list("available_days")[0m
  [4;35;1mSQL (0.0ms)[0m   [0mPRAGMA index_list("colleges")[0m
  [4;36;1mSQL (0.0ms)[0m   [0;1mPRAGMA index_list("favorites")[0m
  [4;35;1mSQL (0.0ms)[0m   [0mPRAGMA index_list("hosts")[0m
  [4;36;1mSQL (0.0ms)[0m   [0;1mPRAGMA index_list("levels")[0m
  [4;35;1mSQL (0.1ms)[0m   [0mPRAGMA index_list("modifications")[0m
  [4;36;1mSQL (0.1ms)[0m   [0;1mPRAGMA index_list("profiles")[0m
  [4;35;1mSQL (0.1ms)[0m   [0mPRAGMA index_list("renters")[0m
  [4;36;1mSQL (0.1ms)[0m   [0;1mPRAGMA index_list("room_images")[0m
  [4;35;1mSQL (0.0ms)[0m   [0mPRAGMA index_list("room_profile_days")[0m
  [4;36;1mSQL (0.0ms)[0m   [0;1mPRAGMA index_list("room_profiles")[0m
  [4;35;1mSQL (0.0ms)[0m   [0mPRAGMA index_list("room_reviews")[0m
  [4;36;1mSQL (0.0ms)[0m   [0;1mPRAGMA index_list("rooms")[0m
  [4;35;1mSQL (0.0ms)[0m   [0mPRAGMA index_list("transactions")[0m
  [4;36;1mSQL (0.0ms)[0m   [0;1mPRAGMA index_list("user_reviews")[0m
  [4;35;1mSQL (0.1ms)[0m   [0mPRAGMA index_list("users")[0m
  [4;36;1mSQL (4.2ms)[0m   [0;1m SELECT name
 FROM sqlite_master
 WHERE type = 'table' AND NOT name = 'sqlite_sequence'
[0m
  [4;36;1mSQL (1.1ms)[0m   [0;1m SELECT name
 FROM sqlite_master
 WHERE type = 'table' AND NOT name = 'sqlite_sequence'
[0m
  [4;35;1mSQL (0.7ms)[0m   [0mSELECT version FROM schema_migrations[0m
Migrating to CreateHosts (20090220195046)
Migrating to CreateRoomProfiles (20090220195106)
Migrating to CreateRenters (20090221185935)
Migrating to CreateTransactions (20090221190415)
Migrating to CreateModifications (20090221190818)
Migrating to CreateUsers (20090221191224)
Migrating to CreateProfiles (20090221191905)
Migrating to CreateUserReviews (20090221192307)
Migrating to CreateFavorites (20090221192646)
Migrating to CreateRooms (20090221192747)
Migrating to CreateRoomImages (20090221193805)
Migrating to CreateAvailableDays (20090221194009)
Migrating to CreateRoomProfileDays (20090221194055)
Migrating to CreateLevels (20090221194227)
Migrating to CreateColleges (20090221194338)
Migrating to CreateRoomReviews (20090221194552)
Migrating to RenameColumn (20090221202044)
  [4;36;1mSQL (1.0ms)[0m   [0;1m SELECT name
 FROM sqlite_master
 WHERE type = 'table' AND NOT name = 'sqlite_sequence'
[0m
  [4;35;1mSQL (0.5ms)[0m   [0mSELECT version FROM schema_migrations[0m
Migrating to CreateHosts (20090220195046)
Migrating to CreateRoomProfiles (20090220195106)
Migrating to CreateRenters (20090221185935)
Migrating to CreateTransactions (20090221190415)
Migrating to CreateModifications (20090221190818)
Migrating to CreateUsers (20090221191224)
Migrating to CreateProfiles (20090221191905)
Migrating to CreateUserReviews (20090221192307)
Migrating to CreateFavorites (20090221192646)
Migrating to CreateRooms (20090221192747)
Migrating to CreateRoomImages (20090221193805)
Migrating to CreateAvailableDays (20090221194009)
Migrating to CreateRoomProfileDays (20090221194055)
Migrating to CreateLevels (20090221194227)
Migrating to CreateColleges (20090221194338)
Migrating to CreateRoomReviews (20090221194552)
Migrating to RenameColumn (20090221202044)
  [4;36;1mSQL (1.0ms)[0m   [0;1m SELECT name
 FROM sqlite_master
 WHERE type = 'table' AND NOT name = 'sqlite_sequence'
[0m
  [4;35;1mSQL (0.7ms)[0m   [0mSELECT version FROM schema_migrations[0m
Migrating to CreateHosts (20090220195046)
Migrating to CreateRoomProfiles (20090220195106)
Migrating to CreateRenters (20090221185935)
Migrating to CreateTransactions (20090221190415)
Migrating to CreateModifications (20090221190818)
Migrating to CreateUsers (20090221191224)
Migrating to CreateProfiles (20090221191905)
Migrating to CreateUserReviews (20090221192307)
Migrating to CreateFavorites (20090221192646)
Migrating to CreateRooms (20090221192747)
Migrating to CreateRoomImages (20090221193805)
Migrating to CreateAvailableDays (20090221194009)
Migrating to CreateRoomProfileDays (20090221194055)
Migrating to CreateLevels (20090221194227)
Migrating to CreateColleges (20090221194338)
Migrating to CreateRoomReviews (20090221194552)
Migrating to RenameColumn (20090221202044)
  [4;36;1mSQL (0.1ms)[0m   [0;1mselect sqlite_version(*)[0m
  [4;35;1mSQL (0.9ms)[0m   [0mCREATE TEMPORARY TABLE "altered_room_images" ("id" INTEGER PRIMARY KEY AUTOINCREMENT NOT NULL, "room_profile_id" integer NOT NULL, "image" varchar(255), "created_at" datetime, "updated_at" datetime) [0m
  [4;36;1mSQL (0.0ms)[0m   [0;1mPRAGMA index_list("room_images")[0m
  [4;35;1mSQL (0.3ms)[0m   [0mDROP TABLE "room_images"[0m
  [4;36;1mSQL (0.2ms)[0m   [0;1mCREATE TABLE "room_images" ("id" INTEGER PRIMARY KEY AUTOINCREMENT NOT NULL, "room_profile_id" integer NOT NULL, "image" varchar(255), "created_at" datetime, "updated_at" datetime) [0m
  [4;35;1mSQL (0.0ms)[0m   [0mPRAGMA index_list("altered_room_images")[0m
  [4;36;1mSQL (0.1ms)[0m   [0;1mDROP TABLE "altered_room_images"[0m
  [4;35;1mSQL (2.7ms)[0m   [0mINSERT INTO schema_migrations (version) VALUES ('20090221202044')[0m
  [4;36;1mSQL (0.6ms)[0m   [0;1m SELECT name
 FROM sqlite_master
 WHERE type = 'table' AND NOT name = 'sqlite_sequence'
[0m
  [4;35;1mSQL (0.5ms)[0m   [0mSELECT version FROM schema_migrations[0m
  [4;36;1mSQL (0.5ms)[0m   [0;1m SELECT name
 FROM sqlite_master
 WHERE type = 'table' AND NOT name = 'sqlite_sequence'
[0m
  [4;35;1mSQL (0.0ms)[0m   [0mPRAGMA index_list("available_days")[0m
  [4;36;1mSQL (0.0ms)[0m   [0;1mPRAGMA index_list("colleges")[0m
  [4;35;1mSQL (0.0ms)[0m   [0mPRAGMA index_list("favorites")[0m
  [4;36;1mSQL (0.0ms)[0m   [0;1mPRAGMA index_list("hosts")[0m
  [4;35;1mSQL (0.0ms)[0m   [0mPRAGMA index_list("levels")[0m
  [4;36;1mSQL (0.0ms)[0m   [0;1mPRAGMA index_list("modifications")[0m
  [4;35;1mSQL (0.0ms)[0m   [0mPRAGMA index_list("profiles")[0m
  [4;36;1mSQL (0.0ms)[0m   [0;1mPRAGMA index_list("renters")[0m
  [4;35;1mSQL (0.0ms)[0m   [0mPRAGMA index_list("room_images")[0m
  [4;36;1mSQL (0.0ms)[0m   [0;1mPRAGMA index_list("room_profile_days")[0m
  [4;35;1mSQL (0.1ms)[0m   [0mPRAGMA index_list("room_profiles")[0m
  [4;36;1mSQL (0.1ms)[0m   [0;1mPRAGMA index_list("room_reviews")[0m
  [4;35;1mSQL (0.1ms)[0m   [0mPRAGMA index_list("rooms")[0m
  [4;36;1mSQL (0.0ms)[0m   [0;1mPRAGMA index_list("transactions")[0m
  [4;35;1mSQL (0.0ms)[0m   [0mPRAGMA index_list("user_reviews")[0m
  [4;36;1mSQL (0.0ms)[0m   [0;1mPRAGMA index_list("users")[0m
