This file contains any messages produced by compilers while
running configure, to aid debugging if configure makes a mistake.

It was created by xapian-bindings configure 1.0.11, which was
generated by GNU Autoconf 2.63.  Invocation command line was

  $ ./configure 

## --------- ##
## Platform. ##
## --------- ##

hostname = CMU-322400.WV.CC.CMU.EDU
uname -m = i386
uname -r = 9.6.2
uname -s = Darwin
uname -v = Darwin Kernel Version 9.6.2: Tue Jan 13 20:42:22 PST 2009; root:xnu-1228.9.80~1/RELEASE_I386

/usr/bin/uname -p = i386
/bin/uname -X     = unknown

/bin/arch              = unknown
/usr/bin/arch -k       = unknown
/usr/convex/getsysinfo = unknown
/usr/bin/hostinfo      = Mach kernel version:
	 Darwin Kernel Version 9.6.2: Tue Jan 13 20:42:22 PST 2009; root:xnu-1228.9.80~1/RELEASE_I386
Kernel configured for up to 2 processors.
2 processors are physically available.
2 processors are logically available.
Processor type: i486 (Intel 80486)
Processors active: 0 1
Primary memory available: 4.00 gigabytes
Default processor set: 52 tasks, 198 threads, 2 processors
Load average: 0.44, Mach factor: 1.55
/bin/machine           = unknown
/usr/bin/oslevel       = unknown
/bin/universe          = unknown

PATH: /usr/bin
PATH: /bin
PATH: /usr/sbin
PATH: /sbin
PATH: /usr/local/bin
PATH: /usr/X11/bin
PATH: /usr/local/git/bin


## ----------- ##
## Core tests. ##
## ----------- ##

configure:2213: checking for a BSD-compatible install
configure:2281: result: /usr/bin/install -c
configure:2292: checking whether build environment is sane
configure:2335: result: yes
configure:2360: checking for a thread-safe mkdir -p
configure:2399: result: ./install-sh -c -d
configure:2412: checking for gawk
configure:2442: result: no
configure:2412: checking for mawk
configure:2442: result: no
configure:2412: checking for nawk
configure:2442: result: no
configure:2412: checking for awk
configure:2428: found /usr/bin/awk
configure:2439: result: awk
configure:2450: checking whether make sets $(MAKE)
configure:2472: result: yes
configure:2651: checking how to create a ustar tar archive
configure:2664: tar --version
tar (GNU tar) 1.15.1
configure:2667: $? = 0
configure:2707: tardir=conftest.dir && eval tar --format=ustar -chf - "$tardir" >conftest.tar
configure:2710: $? = 0
configure:2714: tar -xf - <conftest.tar
configure:2717: $? = 0
configure:2730: result: gnutar
configure:2749: checking build system type
configure:2767: result: i386-apple-darwin9.6.2
configure:2789: checking host system type
configure:2804: result: i386-apple-darwin9.6.2
configure:2951: checking for style of include used by make
configure:2979: result: GNU
configure:3049: checking for gcc
configure:3065: found /usr/bin/gcc
configure:3076: result: gcc
configure:3308: checking for C compiler version
configure:3316: gcc --version >&5
i686-apple-darwin9-gcc-4.0.1 (GCC) 4.0.1 (Apple Inc. build 5490)
Copyright (C) 2005 Free Software Foundation, Inc.
This is free software; see the source for copying conditions.  There is NO
warranty; not even for MERCHANTABILITY or FITNESS FOR A PARTICULAR PURPOSE.

configure:3320: $? = 0
configure:3327: gcc -v >&5
Using built-in specs.
Target: i686-apple-darwin9
Configured with: /var/tmp/gcc/gcc-5490~1/src/configure --disable-checking -enable-werror --prefix=/usr --mandir=/share/man --enable-languages=c,objc,c++,obj-c++ --program-transform-name=/^[cg][^.-]*$/s/$/-4.0/ --with-gxx-include-dir=/include/c++/4.0.0 --with-slibdir=/usr/lib --build=i686-apple-darwin9 --with-arch=apple --with-tune=generic --host=i686-apple-darwin9 --target=i686-apple-darwin9
Thread model: posix
gcc version 4.0.1 (Apple Inc. build 5490)
configure:3331: $? = 0
configure:3338: gcc -V >&5
gcc-4.0: argument to `-V' is missing
configure:3342: $? = 1
configure:3365: checking for C compiler default output file name
configure:3387: gcc    conftest.c  >&5
configure:3391: $? = 0
configure:3429: result: a.out
configure:3448: checking whether the C compiler works
configure:3458: ./a.out
configure:3462: $? = 0
configure:3481: result: yes
configure:3488: checking whether we are cross compiling
configure:3490: result: no
configure:3493: checking for suffix of executables
configure:3500: gcc -o conftest    conftest.c  >&5
configure:3504: $? = 0
configure:3530: result: 
configure:3536: checking for suffix of object files
configure:3562: gcc -c   conftest.c >&5
configure:3566: $? = 0
configure:3591: result: o
configure:3595: checking whether we are using the GNU C compiler
configure:3624: gcc -c   conftest.c >&5
configure:3631: $? = 0
configure:3648: result: yes
configure:3657: checking whether gcc accepts -g
configure:3687: gcc -c -g  conftest.c >&5
configure:3694: $? = 0
configure:3795: result: yes
configure:3812: checking for gcc option to accept ISO C89
configure:3886: gcc  -c -g -O2  conftest.c >&5
configure:3893: $? = 0
configure:3916: result: none needed
configure:3936: checking dependency style of gcc
configure:4027: result: gcc3
configure:4042: checking for a sed that does not truncate output
configure:4098: result: /usr/bin/sed
configure:4101: checking for grep that handles long lines and -e
configure:4161: result: /usr/bin/grep
configure:4166: checking for egrep
configure:4230: result: /usr/bin/grep -E
configure:4246: checking for ld used by gcc
configure:4313: result: /usr/libexec/gcc/i686-apple-darwin9/4.0.1/ld
configure:4322: checking if the linker (/usr/libexec/gcc/i686-apple-darwin9/4.0.1/ld) is GNU ld
configure:4337: result: no
configure:4342: checking for /usr/libexec/gcc/i686-apple-darwin9/4.0.1/ld option to reload object files
configure:4349: result: -r
configure:4367: checking for BSD-compatible nm
configure:4416: result: /usr/bin/nm -p
configure:4420: checking whether ln -s works
configure:4424: result: yes
configure:4431: checking how to recognize dependent libraries
configure:4617: result: pass_all
configure:4866: checking how to run the C preprocessor
configure:4906: gcc -E  conftest.c
configure:4913: $? = 0
configure:4944: gcc -E  conftest.c
conftest.c:10:28: error: ac_nonexistent.h: No such file or directory
configure:4951: $? = 1
configure: failed program was:
| /* confdefs.h.  */
| #define PACKAGE_NAME "xapian-bindings"
| #define PACKAGE_TARNAME "xapian-bindings"
| #define PACKAGE_VERSION "1.0.11"
| #define PACKAGE_STRING "xapian-bindings 1.0.11"
| #define PACKAGE_BUGREPORT "http://xapian.org/bugs"
| #define PACKAGE "xapian-bindings"
| #define VERSION "1.0.11"
| /* end confdefs.h.  */
| #include <ac_nonexistent.h>
configure:4984: result: gcc -E
configure:5013: gcc -E  conftest.c
configure:5020: $? = 0
configure:5051: gcc -E  conftest.c
conftest.c:10:28: error: ac_nonexistent.h: No such file or directory
configure:5058: $? = 1
configure: failed program was:
| /* confdefs.h.  */
| #define PACKAGE_NAME "xapian-bindings"
| #define PACKAGE_TARNAME "xapian-bindings"
| #define PACKAGE_VERSION "1.0.11"
| #define PACKAGE_STRING "xapian-bindings 1.0.11"
| #define PACKAGE_BUGREPORT "http://xapian.org/bugs"
| #define PACKAGE "xapian-bindings"
| #define VERSION "1.0.11"
| /* end confdefs.h.  */
| #include <ac_nonexistent.h>
configure:5098: checking for ANSI C header files
configure:5128: gcc -c -g -O2  conftest.c >&5
configure:5135: $? = 0
configure:5234: gcc -o conftest -g -O2   conftest.c  >&5
configure:5238: $? = 0
configure:5244: ./conftest
configure:5248: $? = 0
configure:5266: result: yes
configure:5290: checking for sys/types.h
configure:5311: gcc -c -g -O2  conftest.c >&5
configure:5318: $? = 0
configure:5335: result: yes
configure:5290: checking for sys/stat.h
configure:5311: gcc -c -g -O2  conftest.c >&5
configure:5318: $? = 0
configure:5335: result: yes
configure:5290: checking for stdlib.h
configure:5311: gcc -c -g -O2  conftest.c >&5
configure:5318: $? = 0
configure:5335: result: yes
configure:5290: checking for string.h
configure:5311: gcc -c -g -O2  conftest.c >&5
configure:5318: $? = 0
configure:5335: result: yes
configure:5290: checking for memory.h
configure:5311: gcc -c -g -O2  conftest.c >&5
configure:5318: $? = 0
configure:5335: result: yes
configure:5290: checking for strings.h
configure:5311: gcc -c -g -O2  conftest.c >&5
configure:5318: $? = 0
configure:5335: result: yes
configure:5290: checking for inttypes.h
configure:5311: gcc -c -g -O2  conftest.c >&5
configure:5318: $? = 0
configure:5335: result: yes
configure:5290: checking for stdint.h
configure:5311: gcc -c -g -O2  conftest.c >&5
configure:5318: $? = 0
configure:5335: result: yes
configure:5290: checking for unistd.h
configure:5311: gcc -c -g -O2  conftest.c >&5
configure:5318: $? = 0
configure:5335: result: yes
configure:5365: checking dlfcn.h usability
configure:5382: gcc -c -g -O2  conftest.c >&5
configure:5389: $? = 0
configure:5403: result: yes
configure:5407: checking dlfcn.h presence
configure:5422: gcc -E  conftest.c
configure:5429: $? = 0
configure:5443: result: yes
configure:5476: checking for dlfcn.h
configure:5485: result: yes
configure:5558: checking for g++
configure:5574: found /usr/bin/g++
configure:5585: result: g++
configure:5612: checking for C++ compiler version
configure:5620: g++ --version >&5
i686-apple-darwin9-g++-4.0.1 (GCC) 4.0.1 (Apple Inc. build 5490)
Copyright (C) 2005 Free Software Foundation, Inc.
This is free software; see the source for copying conditions.  There is NO
warranty; not even for MERCHANTABILITY or FITNESS FOR A PARTICULAR PURPOSE.

configure:5624: $? = 0
configure:5631: g++ -v >&5
Using built-in specs.
Target: i686-apple-darwin9
Configured with: /var/tmp/gcc/gcc-5490~1/src/configure --disable-checking -enable-werror --prefix=/usr --mandir=/share/man --enable-languages=c,objc,c++,obj-c++ --program-transform-name=/^[cg][^.-]*$/s/$/-4.0/ --with-gxx-include-dir=/include/c++/4.0.0 --with-slibdir=/usr/lib --build=i686-apple-darwin9 --with-arch=apple --with-tune=generic --host=i686-apple-darwin9 --target=i686-apple-darwin9
Thread model: posix
gcc version 4.0.1 (Apple Inc. build 5490)
configure:5635: $? = 0
configure:5642: g++ -V >&5
g++-4.0: argument to `-V' is missing
configure:5646: $? = 1
configure:5649: checking whether we are using the GNU C++ compiler
configure:5678: g++ -c   conftest.cpp >&5
configure:5685: $? = 0
configure:5702: result: yes
configure:5711: checking whether g++ accepts -g
configure:5741: g++ -c -g  conftest.cpp >&5
configure:5748: $? = 0
configure:5849: result: yes
configure:5874: checking dependency style of g++
configure:5965: result: gcc3
configure:5990: checking how to run the C++ preprocessor
configure:6026: g++ -E  conftest.cpp
configure:6033: $? = 0
configure:6064: g++ -E  conftest.cpp
conftest.cpp:21:28: error: ac_nonexistent.h: No such file or directory
configure:6071: $? = 1
configure: failed program was:
| /* confdefs.h.  */
| #define PACKAGE_NAME "xapian-bindings"
| #define PACKAGE_TARNAME "xapian-bindings"
| #define PACKAGE_VERSION "1.0.11"
| #define PACKAGE_STRING "xapian-bindings 1.0.11"
| #define PACKAGE_BUGREPORT "http://xapian.org/bugs"
| #define PACKAGE "xapian-bindings"
| #define VERSION "1.0.11"
| #define STDC_HEADERS 1
| #define HAVE_SYS_TYPES_H 1
| #define HAVE_SYS_STAT_H 1
| #define HAVE_STDLIB_H 1
| #define HAVE_STRING_H 1
| #define HAVE_MEMORY_H 1
| #define HAVE_STRINGS_H 1
| #define HAVE_INTTYPES_H 1
| #define HAVE_STDINT_H 1
| #define HAVE_UNISTD_H 1
| #define HAVE_DLFCN_H 1
| /* end confdefs.h.  */
| #include <ac_nonexistent.h>
configure:6104: result: g++ -E
configure:6133: g++ -E  conftest.cpp
configure:6140: $? = 0
configure:6171: g++ -E  conftest.cpp
conftest.cpp:21:28: error: ac_nonexistent.h: No such file or directory
configure:6178: $? = 1
configure: failed program was:
| /* confdefs.h.  */
| #define PACKAGE_NAME "xapian-bindings"
| #define PACKAGE_TARNAME "xapian-bindings"
| #define PACKAGE_VERSION "1.0.11"
| #define PACKAGE_STRING "xapian-bindings 1.0.11"
| #define PACKAGE_BUGREPORT "http://xapian.org/bugs"
| #define PACKAGE "xapian-bindings"
| #define VERSION "1.0.11"
| #define STDC_HEADERS 1
| #define HAVE_SYS_TYPES_H 1
| #define HAVE_SYS_STAT_H 1
| #define HAVE_STDLIB_H 1
| #define HAVE_STRING_H 1
| #define HAVE_MEMORY_H 1
| #define HAVE_STRINGS_H 1
| #define HAVE_INTTYPES_H 1
| #define HAVE_STDINT_H 1
| #define HAVE_UNISTD_H 1
| #define HAVE_DLFCN_H 1
| /* end confdefs.h.  */
| #include <ac_nonexistent.h>
configure:6223: checking the maximum length of command line arguments
configure:6335: result: 196608
configure:6347: checking command to parse /usr/bin/nm -p output from gcc object
configure:6452: g++ -c -g -O2  conftest.cpp >&5
configure:6455: $? = 0
configure:6459: /usr/bin/nm -p conftest.o \| sed -n -e 's/^.*[ 	]\([BCDEGRST][BCDEGRST]*\)[ 	][ 	]*\([_A-Za-z][_A-Za-z0-9]*\)$/\1 \2 \2/p' \> conftest.nm
configure:6462: $? = 0
cannot find nm_test_var in conftest.nm
configure:6452: g++ -c -g -O2  conftest.cpp >&5
configure:6455: $? = 0
configure:6459: /usr/bin/nm -p conftest.o \| sed -n -e 's/^.*[ 	]\([BCDEGRST][BCDEGRST]*\)[ 	][ 	]*_\([_A-Za-z][_A-Za-z0-9]*\)$/\1 _\2 \2/p' \> conftest.nm
configure:6462: $? = 0
configure:6514: g++ -o conftest -g -O2   conftest.cpp conftstm.o >&5
configure:6517: $? = 0
configure:6555: result: ok
configure:6559: checking for objdir
configure:6574: result: .libs
configure:6666: checking for ar
configure:6682: found /usr/bin/ar
configure:6693: result: ar
configure:6758: checking for ranlib
configure:6774: found /usr/bin/ranlib
configure:6785: result: ranlib
configure:6850: checking for strip
configure:6866: found /usr/bin/strip
configure:6877: result: strip
configure:7130: checking for dsymutil
configure:7146: found /usr/bin/dsymutil
configure:7157: result: dsymutil
configure:7222: checking for nmedit
configure:7238: found /usr/bin/nmedit
configure:7249: result: nmedit
configure:7272: checking for -single_module linker flag
configure:7293: result: yes
configure:7295: checking for -exported_symbols_list linker flag
configure:7325: g++ -o conftest -g -O2   -Wl,-exported_symbols_list,conftest.sym conftest.cpp  >&5
configure:7332: $? = 0
configure:7354: result: yes
configure:7467: checking if gcc supports -fno-rtti -fno-exceptions
configure:7485: gcc -c -g -O2  -fno-rtti -fno-exceptions conftest.c >&5
cc1: warning: command line option "-fno-rtti" is valid for C++/ObjC++ but not for C
configure:7489: $? = 0
configure:7502: result: no
configure:7517: checking for gcc option to produce PIC
configure:7749: result: -fno-common
configure:7757: checking if gcc PIC flag -fno-common works
configure:7775: gcc -c -g -O2  -fno-common -DPIC conftest.c >&5
configure:7779: $? = 0
configure:7792: result: yes
configure:7820: checking if gcc static flag -static works
configure:7848: result: no
configure:7858: checking if gcc supports -c -o file.o
configure:7879: gcc -c -g -O2  -o out/conftest2.o conftest.c >&5
configure:7883: $? = 0
configure:7905: result: yes
configure:7931: checking whether the gcc linker (/usr/libexec/gcc/i686-apple-darwin9/4.0.1/ld) supports shared libraries
configure:8919: result: yes
configure:8986: checking dynamic linker characteristics
configure:9588: result: darwin9.6.2 dyld
configure:9612: checking how to hardcode library paths into programs
configure:9637: result: immediate
configure:9651: checking whether stripping libraries is possible
configure:9665: result: yes
configure:10486: checking if libtool supports shared libraries
configure:10488: result: yes
configure:10491: checking whether to build shared libraries
configure:10512: result: yes
configure:10515: checking whether to build static libraries
configure:10519: result: no
configure:10613: creating libtool
configure:11206: checking for ld used by g++
configure:11273: result: /usr/libexec/gcc/i686-apple-darwin9/4.0.1/ld
configure:11282: checking if the linker (/usr/libexec/gcc/i686-apple-darwin9/4.0.1/ld) is GNU ld
configure:11297: result: no
configure:11348: checking whether the g++ linker (/usr/libexec/gcc/i686-apple-darwin9/4.0.1/ld) supports shared libraries
configure:12302: result: yes
configure:12319: g++ -c -g -O2  conftest.cpp >&5
configure:12322: $? = 0
configure:12478: checking for g++ option to produce PIC
configure:12762: result: -fno-common
configure:12770: checking if g++ PIC flag -fno-common works
configure:12788: g++ -c -g -O2  -fno-common -DPIC conftest.cpp >&5
configure:12792: $? = 0
configure:12805: result: yes
configure:12833: checking if g++ static flag -static works
configure:12861: result: no
configure:12871: checking if g++ supports -c -o file.o
configure:12892: g++ -c -g -O2  -o out/conftest2.o conftest.cpp >&5
configure:12896: $? = 0
configure:12918: result: yes
configure:12944: checking whether the g++ linker (/usr/libexec/gcc/i686-apple-darwin9/4.0.1/ld) supports shared libraries
configure:12970: result: yes
configure:13037: checking dynamic linker characteristics
configure:13587: result: darwin9.6.2 dyld
configure:13611: checking how to hardcode library paths into programs
configure:13636: result: immediate
configure:14275: checking for C++ compiler version
configure:14283: g++ --version >&5
i686-apple-darwin9-g++-4.0.1 (GCC) 4.0.1 (Apple Inc. build 5490)
Copyright (C) 2005 Free Software Foundation, Inc.
This is free software; see the source for copying conditions.  There is NO
warranty; not even for MERCHANTABILITY or FITNESS FOR A PARTICULAR PURPOSE.

configure:14287: $? = 0
configure:14294: g++ -v >&5
Using built-in specs.
Target: i686-apple-darwin9
Configured with: /var/tmp/gcc/gcc-5490~1/src/configure --disable-checking -enable-werror --prefix=/usr --mandir=/share/man --enable-languages=c,objc,c++,obj-c++ --program-transform-name=/^[cg][^.-]*$/s/$/-4.0/ --with-gxx-include-dir=/include/c++/4.0.0 --with-slibdir=/usr/lib --build=i686-apple-darwin9 --with-arch=apple --with-tune=generic --host=i686-apple-darwin9 --target=i686-apple-darwin9
Thread model: posix
gcc version 4.0.1 (Apple Inc. build 5490)
configure:14298: $? = 0
configure:14305: g++ -V >&5
g++-4.0: argument to `-V' is missing
configure:14309: $? = 1
configure:14312: checking whether we are using the GNU C++ compiler
configure:14365: result: yes
configure:14374: checking whether g++ accepts -g
configure:14512: result: yes
configure:14537: checking dependency style of g++
configure:14628: result: gcc3
configure:14655: checking for xapian-config
configure:14673: found /usr/local/bin/xapian-config
configure:14685: result: /usr/local/bin/xapian-config
configure:14712: checking /usr/local/bin/xapian-config works
/usr/local/lib/libxapian.la
-I/usr/local/include
configure:14716: result: yes
configure:14756: checking whether to enable maintainer-specific portions of Makefiles
configure:14765: result: no
configure:15002: checking for python
configure:15020: found /usr/bin/python
configure:15032: result: /usr/bin/python
configure:15045: checking /usr/bin/python version
configure:15062: result: 2.5
configure:15081: checking for /System/Library/Frameworks/Python.framework/Versions/2.5/include/python2.5/Python.h
configure:15084: result: yes
configure:15086: checking for directory to install python bindings in
configure:15091: result: /Library/Python/2.5/site-packages
configure:15095: checking for python libraries to link against
configure:15106: result: 
configure:15109: checking for python module extension
configure:15113: result: .so
configure:15135: checking for php-config
configure:15153: found /usr/bin/php-config
configure:15165: result: /usr/bin/php-config
configure:15179: checking /usr/bin/php-config version
configure:15189: result: 5.2.6
configure:15207: checking for PHP extension directory
configure:15212: result: /usr/lib/php/extensions/no-debug-non-zts-20060613
configure:15222: checking for zend.h
configure:15243: g++ -c -g -O2  -I/usr/include/php -I/usr/include/php/main -I/usr/include/php/TSRM -I/usr/include/php/Zend -I/usr/include/php/ext -I/usr/include/php/ext/date/lib conftest.cpp >&5
configure:15250: $? = 0
configure:15265: result: yes
configure:15294: checking for /usr/bin/php5
configure:15305: result: no
configure:15294: checking for /usr/bin/php
configure:15299: result: /usr/bin/php
configure:15431: checking for tclsh
configure:15449: found /usr/bin/tclsh
configure:15461: result: /usr/bin/tclsh
configure:15474: checking /usr/bin/tclsh version
configure:15478: result: 8.4
configure:15492: checking for tcl.h for version 8.4
configure:15502: result: /usr/include/tcl.h
configure:15685: checking for gmcs
configure:15718: result: no
configure:15685: checking for cscc
configure:15718: result: no
configure:15731: checking for csc
configure:15764: result: no
configure:15772: checking whether  is for CSharp
configure:15776: result: yes
configure:15790: checking for mcs
configure:15823: result: no
configure:16158: checking for java
configure:16177: found /usr/bin/java
configure:16189: result: /usr/bin/java
configure:16204: checking for javac
configure:16223: found /usr/bin/javac
configure:16235: result: /usr/bin/javac
configure:16250: checking for jar
configure:16269: found /usr/bin/jar
configure:16281: result: /usr/bin/jar
configure:16300: checking for jni.h
configure:16321: g++ -c -g -O2  conftest.cpp >&5
conftest.cpp:23:17: error: jni.h: No such file or directory
configure:16328: $? = 1
configure: failed program was:
| /* confdefs.h.  */
| #define PACKAGE_NAME "xapian-bindings"
| #define PACKAGE_TARNAME "xapian-bindings"
| #define PACKAGE_VERSION "1.0.11"
| #define PACKAGE_STRING "xapian-bindings 1.0.11"
| #define PACKAGE_BUGREPORT "http://xapian.org/bugs"
| #define PACKAGE "xapian-bindings"
| #define VERSION "1.0.11"
| #define STDC_HEADERS 1
| #define HAVE_SYS_TYPES_H 1
| #define HAVE_SYS_STAT_H 1
| #define HAVE_STDLIB_H 1
| #define HAVE_STRING_H 1
| #define HAVE_MEMORY_H 1
| #define HAVE_STRINGS_H 1
| #define HAVE_INTTYPES_H 1
| #define HAVE_STDINT_H 1
| #define HAVE_UNISTD_H 1
| #define HAVE_DLFCN_H 1
| /* end confdefs.h.  */
| 
| 
| #include <jni.h>
configure:16343: result: no
configure:16352: checking for jni.h in /usr/lib/jvm/java-gcj/include
configure:16445: result: no
configure:16352: checking for jni.h in /System/Library/Frameworks/JavaVM.framework/Headers
configure:16364: g++ -c -g -O2  -I/System/Library/Frameworks/JavaVM.framework/Headers conftest.cpp >&5
configure:16371: $? = 0
configure:16386: result: yes
configure:16459: checking for Java path separator
configure:16466: result: :
configure:16556: checking for ruby1.8
configure:16589: result: no
configure:16556: checking for ruby
configure:16574: found /usr/bin/ruby
configure:16586: result: /usr/bin/ruby
configure:16600: checking /usr/bin/ruby version
configure:16620: result: ruby 1.8.6 (2008-03-03 patchlevel 114) [universal-darwin9.0]
configure:16627: checking for /System/Library/Frameworks/Ruby.framework/Versions/1.8/usr/lib/ruby/1.8/universal-darwin9.0/ruby.h
configure:16630: result: yes
configure:16633: checking ruby/io.h
configure:16641: result: no
configure:16862: checking whether to use -fvisibility=hidden
configure:16893: g++ -c -fvisibility=hidden  conftest.cpp >&5
configure:16900: $? = 0
configure:16905: result: yes
configure:17099: creating ./config.status

## ---------------------- ##
## Running config.status. ##
## ---------------------- ##

This file was extended by xapian-bindings config.status 1.0.11, which was
generated by GNU Autoconf 2.63.  Invocation command line was

  CONFIG_FILES    = 
  CONFIG_HEADERS  = 
  CONFIG_LINKS    = 
  CONFIG_COMMANDS = 
  $ ./config.status 

on CMU-322400.WV.CC.CMU.EDU

config.status:877: creating Makefile
config.status:877: creating xapian-version.h
config.status:877: creating python/Makefile
config.status:877: creating python/docs/Makefile
config.status:877: creating php/Makefile
config.status:877: creating php/docs/Makefile
config.status:877: creating java/Makefile
config.status:877: creating java/native/Makefile
config.status:877: creating java/org/Makefile
config.status:877: creating java/org/xapian/Makefile
config.status:877: creating java/org/xapian/errors/Makefile
config.status:877: creating java/org/xapian/examples/Makefile
config.status:877: creating java-swig/Makefile
config.status:877: creating tcl8/Makefile
config.status:877: creating tcl8/docs/Makefile
config.status:877: creating tcl8/pkgIndex.tcl
config.status:877: creating csharp/Makefile
config.status:877: creating csharp/docs/Makefile
config.status:877: creating csharp/AssemblyInfo.cs
config.status:877: creating ruby/Makefile
config.status:877: creating ruby/docs/Makefile
config.status:877: creating xapian-bindings.spec
config.status:877: creating python/generate-python-exceptions
config.status:877: creating python/doxy2swig.py
config.status:877: creating config.h
config.status:1099: config.h is unchanged
config.status:1151: executing depfiles commands

## ---------------- ##
## Cache variables. ##
## ---------------- ##

ac_cv_build=i386-apple-darwin9.6.2
ac_cv_c_compiler_gnu=yes
ac_cv_cxx_compiler_gnu=yes
ac_cv_env_CCC_set=
ac_cv_env_CCC_value=
ac_cv_env_CC_set=
ac_cv_env_CC_value=
ac_cv_env_CFLAGS_set=
ac_cv_env_CFLAGS_value=
ac_cv_env_CPPFLAGS_set=
ac_cv_env_CPPFLAGS_value=
ac_cv_env_CPP_set=
ac_cv_env_CPP_value=
ac_cv_env_CSC_set=
ac_cv_env_CSC_value=
ac_cv_env_CXXCPP_set=
ac_cv_env_CXXCPP_value=
ac_cv_env_CXXFLAGS_set=
ac_cv_env_CXXFLAGS_value=
ac_cv_env_CXX_set=
ac_cv_env_CXX_value=
ac_cv_env_GACUTIL_set=
ac_cv_env_GACUTIL_value=
ac_cv_env_JAR_set=
ac_cv_env_JAR_value=
ac_cv_env_JAVAC_set=
ac_cv_env_JAVAC_value=
ac_cv_env_JAVA_HOME_set=
ac_cv_env_JAVA_HOME_value=
ac_cv_env_JAVA_set=
ac_cv_env_JAVA_value=
ac_cv_env_JDK_HOME_set=
ac_cv_env_JDK_HOME_value=
ac_cv_env_JNI_INCLUDE_DIR_set=
ac_cv_env_JNI_INCLUDE_DIR_value=
ac_cv_env_LDFLAGS_set=
ac_cv_env_LDFLAGS_value=
ac_cv_env_LIBS_set=
ac_cv_env_LIBS_value=
ac_cv_env_MONO_set=
ac_cv_env_MONO_value=
ac_cv_env_PHP_CONFIG_set=
ac_cv_env_PHP_CONFIG_value=
ac_cv_env_PHP_EXTENSION_DIR_set=
ac_cv_env_PHP_EXTENSION_DIR_value=
ac_cv_env_PHP_set=
ac_cv_env_PHP_value=
ac_cv_env_PYTHON_LIB_set=
ac_cv_env_PYTHON_LIB_value=
ac_cv_env_PYTHON_set=
ac_cv_env_PYTHON_value=
ac_cv_env_RUBY_INC_ARCH_set=
ac_cv_env_RUBY_INC_ARCH_value=
ac_cv_env_RUBY_INC_set=
ac_cv_env_RUBY_INC_value=
ac_cv_env_RUBY_LIB_ARCH_set=
ac_cv_env_RUBY_LIB_ARCH_value=
ac_cv_env_RUBY_LIB_set=
ac_cv_env_RUBY_LIB_value=
ac_cv_env_RUBY_set=
ac_cv_env_RUBY_value=
ac_cv_env_SN_set=
ac_cv_env_SN_value=
ac_cv_env_SWIG_set=
ac_cv_env_SWIG_value=
ac_cv_env_TCLSH_set=
ac_cv_env_TCLSH_value=
ac_cv_env_TCL_LIB_set=
ac_cv_env_TCL_LIB_value=
ac_cv_env_XAPIAN_CONFIG_set=
ac_cv_env_XAPIAN_CONFIG_value=
ac_cv_env_build_alias_set=
ac_cv_env_build_alias_value=
ac_cv_env_host_alias_set=
ac_cv_env_host_alias_value=
ac_cv_env_target_alias_set=
ac_cv_env_target_alias_value=
ac_cv_header_dlfcn_h=yes
ac_cv_header_inttypes_h=yes
ac_cv_header_jni_h=no
ac_cv_header_memory_h=yes
ac_cv_header_stdc=yes
ac_cv_header_stdint_h=yes
ac_cv_header_stdlib_h=yes
ac_cv_header_string_h=yes
ac_cv_header_strings_h=yes
ac_cv_header_sys_stat_h=yes
ac_cv_header_sys_types_h=yes
ac_cv_header_unistd_h=yes
ac_cv_header_zend_h=yes
ac_cv_host=i386-apple-darwin9.6.2
ac_cv_objext=o
ac_cv_path_EGREP='/usr/bin/grep -E'
ac_cv_path_GREP=/usr/bin/grep
ac_cv_path_JAR=/usr/bin/jar
ac_cv_path_JAVA=/usr/bin/java
ac_cv_path_JAVAC=/usr/bin/javac
ac_cv_path_PHP_CONFIG=/usr/bin/php-config
ac_cv_path_PYTHON=/usr/bin/python
ac_cv_path_RUBY=/usr/bin/ruby
ac_cv_path_TCLSH=/usr/bin/tclsh
ac_cv_path_XAPIAN_CONFIG=/usr/local/bin/xapian-config
ac_cv_path_install='/usr/bin/install -c'
ac_cv_prog_AWK=awk
ac_cv_prog_CPP='gcc -E'
ac_cv_prog_CXXCPP='g++ -E'
ac_cv_prog_ac_ct_AR=ar
ac_cv_prog_ac_ct_CC=gcc
ac_cv_prog_ac_ct_CXX=g++
ac_cv_prog_ac_ct_DSYMUTIL=dsymutil
ac_cv_prog_ac_ct_NMEDIT=nmedit
ac_cv_prog_ac_ct_RANLIB=ranlib
ac_cv_prog_ac_ct_STRIP=strip
ac_cv_prog_cc_c89=
ac_cv_prog_cc_g=yes
ac_cv_prog_cxx_g=yes
ac_cv_prog_make_make_set=yes
am_cv_CC_dependencies_compiler_type=gcc3
am_cv_CXX_dependencies_compiler_type=gcc3
am_cv_prog_tar_ustar=gnutar
lt_cv_apple_cc_single_mod=yes
lt_cv_deplibs_check_method=pass_all
lt_cv_file_magic_cmd='$MAGIC_CMD'
lt_cv_file_magic_test_file=
lt_cv_ld_exported_symbols_list=yes
lt_cv_ld_reload_flag=-r
lt_cv_objdir=.libs
lt_cv_path_LD=/usr/libexec/gcc/i686-apple-darwin9/4.0.1/ld
lt_cv_path_LDCXX=/usr/libexec/gcc/i686-apple-darwin9/4.0.1/ld
lt_cv_path_NM='/usr/bin/nm -p'
lt_cv_path_SED=/usr/bin/sed
lt_cv_prog_compiler_c_o=yes
lt_cv_prog_compiler_c_o_CXX=yes
lt_cv_prog_compiler_pic_works=yes
lt_cv_prog_compiler_pic_works_CXX=yes
lt_cv_prog_compiler_rtti_exceptions=no
lt_cv_prog_compiler_static_works=no
lt_cv_prog_compiler_static_works_CXX=no
lt_cv_prog_gnu_ld=no
lt_cv_prog_gnu_ldcxx=no
lt_cv_sys_global_symbol_pipe='sed -n -e '\''s/^.*[ 	]\([BCDEGRST][BCDEGRST]*\)[ 	][ 	]*_\([_A-Za-z][_A-Za-z0-9]*\)$/\1 _\2 \2/p'\'''
lt_cv_sys_global_symbol_to_c_name_address='sed -n -e '\''s/^: \([^ ]*\) $/  {\"\1\", (lt_ptr) 0},/p'\'' -e '\''s/^[BCDEGRST] \([^ ]*\) \([^ ]*\)$/  {"\2", (lt_ptr) \&\2},/p'\'''
lt_cv_sys_global_symbol_to_cdecl='sed -n -e '\''s/^. .* \(.*\)$/extern int \1;/p'\'''
lt_cv_sys_lib_dlsearch_path_spec='/usr/local/lib /lib /usr/lib'
lt_cv_sys_lib_search_path_spec='/usr/lib/i686-apple-darwin9/4.0.1 /usr/lib /usr/lib/gcc/i686-apple-darwin9/4.0.1 /usr/local/lib'
lt_cv_sys_max_cmd_len=196608
lt_lt_cv_prog_compiler_c_o='"yes"'
lt_lt_cv_prog_compiler_c_o_CXX='"yes"'
lt_lt_cv_sys_global_symbol_pipe='"sed -n -e '\''s/^.*[ 	]\\([BCDEGRST][BCDEGRST]*\\)[ 	][ 	]*_\\([_A-Za-z][_A-Za-z0-9]*\\)\$/\\1 _\\2 \\2/p'\''"'
lt_lt_cv_sys_global_symbol_to_c_name_address='"sed -n -e '\''s/^: \\([^ ]*\\) \$/  {\\\"\\1\\\", (lt_ptr) 0},/p'\'' -e '\''s/^[BCDEGRST] \\([^ ]*\\) \\([^ ]*\\)\$/  {\"\\2\", (lt_ptr) \\&\\2},/p'\''"'
lt_lt_cv_sys_global_symbol_to_cdecl='"sed -n -e '\''s/^. .* \\(.*\\)\$/extern int \\1;/p'\''"'

## ----------------- ##
## Output variables. ##
## ----------------- ##

ACLOCAL='${SHELL} /Users/Avalin/projects/dormhost/xapian-bindings-1.0.11/missing --run aclocal-1.10'
AMDEPBACKSLASH='\'
AMDEP_FALSE='#'
AMDEP_TRUE=''
AMTAR='${SHELL} /Users/Avalin/projects/dormhost/xapian-bindings-1.0.11/missing --run tar'
AR='ar'
AUTOCONF='${SHELL} /Users/Avalin/projects/dormhost/xapian-bindings-1.0.11/missing --run autoconf'
AUTOHEADER='${SHELL} /Users/Avalin/projects/dormhost/xapian-bindings-1.0.11/missing --run autoheader'
AUTOMAKE='${SHELL} /Users/Avalin/projects/dormhost/xapian-bindings-1.0.11/missing --run automake-1.10'
AWK='awk'
BINDINGS=' python php tcl8 java ruby'
CC='gcc'
CCDEPMODE='depmode=gcc3'
CFLAGS='-g -O2'
COMPAT_VERSION='1.0.11'
CPP='gcc -E'
CPPFLAGS=''
CSC=''
CXX='g++'
CXXCPP='g++ -E'
CXXDEPMODE='depmode=gcc3'
CXXFLAGS='-g -O2'
CYGPATH_W='echo'
DEFS='-DHAVE_CONFIG_H'
DEPDIR='.deps'
DOCUMENTATION_RULES_FALSE=''
DOCUMENTATION_RULES_TRUE='#'
DSYMUTIL='dsymutil'
ECHO='/bin/echo'
ECHO_C='\c'
ECHO_N=''
ECHO_T=''
EGREP='/usr/bin/grep -E'
EXEEXT=''
GACUTIL=''
GREP='/usr/bin/grep'
INSTALL_DATA='${INSTALL} -m 644'
INSTALL_PROGRAM='${INSTALL}'
INSTALL_SCRIPT='${INSTALL}'
INSTALL_STRIP_PROGRAM='$(install_sh) -c -s'
JAR='/usr/bin/jar'
JAVA='/usr/bin/java'
JAVAC='/usr/bin/javac'
JAVA_CPPFLAGS='-I/System/Library/Frameworks/JavaVM.framework/Headers'
JAVA_CXXFLAGS='-Wall -W -Wno-unused'
JAVA_HOME=''
JAVA_PATHSEP=':'
JDK_HOME=''
JNI_INCLUDE_DIR=''
LDFLAGS=''
LIBOBJS=''
LIBS=''
LIBTOOL='$(SHELL) $(top_builddir)/libtool'
LN_S='ln -s'
LTLIBOBJS=''
MAINT='#'
MAINTAINER_MODE_FALSE=''
MAINTAINER_MODE_TRUE='#'
MAINTAINER_NO_DOCS_FALSE=''
MAINTAINER_NO_DOCS_TRUE='#'
MAKEINFO='${SHELL} /Users/Avalin/projects/dormhost/xapian-bindings-1.0.11/missing --run makeinfo'
MKDIR_P='./install-sh -c -d'
MONO=''
NEED_JNILIB_EXT_FALSE='#'
NEED_JNILIB_EXT_TRUE=''
NMEDIT='nmedit'
NO_UNDEFINED=''
OBJEXT='o'
OVERRIDE_MACOSX_DEPLOYMENT_TARGET='10.3'
OVERRIDE_MACOSX_DEPLOYMENT_TARGET_FALSE='#'
OVERRIDE_MACOSX_DEPLOYMENT_TARGET_TRUE=''
PACKAGE='xapian-bindings'
PACKAGE_BUGREPORT='http://xapian.org/bugs'
PACKAGE_NAME='xapian-bindings'
PACKAGE_STRING='xapian-bindings 1.0.11'
PACKAGE_TARNAME='xapian-bindings'
PACKAGE_VERSION='1.0.11'
PATH_SEPARATOR=':'
PERL=''
PHP='/usr/bin/php'
PHP_CONFIG='/usr/bin/php-config'
PHP_EXTENSION_DIR='/usr/lib/php/extensions/no-debug-non-zts-20060613'
PHP_INC='-I/usr/include/php -I/usr/include/php/main -I/usr/include/php/TSRM -I/usr/include/php/Zend -I/usr/include/php/ext -I/usr/include/php/ext/date/lib'
PHP_LIBS=''
PHP_MAJOR_VERSION='5'
PYTHON='/usr/bin/python'
PYTHON_INC='/System/Library/Frameworks/Python.framework/Versions/2.5/include/python2.5'
PYTHON_LIB='/Library/Python/2.5/site-packages'
PYTHON_LIBS=''
PYTHON_SO='.so'
RANLIB='ranlib'
RDOC=''
RUBY='/usr/bin/ruby'
RUBY_DLEXT='bundle'
RUBY_INC='/System/Library/Frameworks/Ruby.framework/Versions/1.8/usr/lib/ruby/1.8/universal-darwin9.0'
RUBY_INC_ARCH='/System/Library/Frameworks/Ruby.framework/Versions/1.8/usr/lib/ruby/1.8/universal-darwin9.0'
RUBY_LIB='/Library/Ruby/Site/1.8'
RUBY_LIBS=''
RUBY_LIB_ARCH='/Library/Ruby/Site/1.8/universal-darwin9.0'
RUN_CSHARP=''
SED='/usr/bin/sed'
SET_MAKE=''
SHELL='/bin/sh'
SN=''
STRIP='strip'
SWIG=''
SWIG_CXXFLAGS='-fno-strict-aliasing -Wall -Wno-unused -Wno-uninitialized -fvisibility=hidden'
SWIG_FLAGS=''
TCLSH='/usr/bin/tclsh'
TCL_CPPFLAGS=' -DUSE_TCL_STUBS'
TCL_LIB='/System/Library/Frameworks/Tcl.framework/Versions/8.4/Resources/Scripts'
TCL_LIBS=''
VERSION='1.0.11'
VERSION_NO_SNAPSHOT='1.0.11'
XAPIAN_CONFIG='/usr/local/bin/xapian-config'
XAPIAN_CXXFLAGS='-I/usr/local/include'
XAPIAN_LIBS='/usr/local/lib/libxapian.la -lstdc++'
XAPIAN_VERSION='1.0.11'
ac_ct_CC='gcc'
ac_ct_CXX='g++'
am__fastdepCC_FALSE='#'
am__fastdepCC_TRUE=''
am__fastdepCXX_FALSE='#'
am__fastdepCXX_TRUE=''
am__include='include'
am__isrc=''
am__leading_dot='.'
am__quote=''
am__tar='tar --format=ustar -chf - "$$tardir"'
am__untar='tar -xf -'
bindir='${exec_prefix}/bin'
build='i386-apple-darwin9.6.2'
build_alias=''
build_cpu='i386'
build_os='darwin9.6.2'
build_vendor='apple'
datadir='${datarootdir}'
datarootdir='${prefix}/share'
docdir='${datarootdir}/doc/${PACKAGE_TARNAME}'
dvidir='${docdir}'
exec_prefix='${prefix}'
host='i386-apple-darwin9.6.2'
host_alias=''
host_cpu='i386'
host_os='darwin9.6.2'
host_vendor='apple'
htmldir='${docdir}'
includedir='${prefix}/include'
infodir='${datarootdir}/info'
install_sh='$(SHELL) /Users/Avalin/projects/dormhost/xapian-bindings-1.0.11/install-sh'
libdir='${exec_prefix}/lib'
libexecdir='${exec_prefix}/libexec'
localedir='${datarootdir}/locale'
localstatedir='${prefix}/var'
mandir='${datarootdir}/man'
mkdir_p='$(top_builddir)/./install-sh -c -d'
oldincludedir='/usr/include'
pdfdir='${docdir}'
prefix='/usr/local'
program_transform_name='s,x,x,'
psdir='${docdir}'
sbindir='${exec_prefix}/sbin'
sharedstatedir='${prefix}/com'
sysconfdir='${prefix}/etc'
target_alias=''

## ----------- ##
## confdefs.h. ##
## ----------- ##

#define PACKAGE_NAME "xapian-bindings"
#define PACKAGE_TARNAME "xapian-bindings"
#define PACKAGE_VERSION "1.0.11"
#define PACKAGE_STRING "xapian-bindings 1.0.11"
#define PACKAGE_BUGREPORT "http://xapian.org/bugs"
#define PACKAGE "xapian-bindings"
#define VERSION "1.0.11"
#define STDC_HEADERS 1
#define HAVE_SYS_TYPES_H 1
#define HAVE_SYS_STAT_H 1
#define HAVE_STDLIB_H 1
#define HAVE_STRING_H 1
#define HAVE_MEMORY_H 1
#define HAVE_STRINGS_H 1
#define HAVE_INTTYPES_H 1
#define HAVE_STDINT_H 1
#define HAVE_UNISTD_H 1
#define HAVE_DLFCN_H 1

configure: exit 0
